# JRE version: OpenJDK Runtime Environment Microsoft-8035246 (17.0.8+7) (build 17.0.8+7-LTS)
# Java VM: OpenJDK 64-Bit Server VM Microsoft-8035246 (17.0.8+7-LTS, mixed mode, sharing, tiered, compressed oops, compressed class ptrs, g1 gc, windows-amd64)
GC Precious Log:
 CPUs: 8 total, 8 available
 Memory: 16198M
 Large Page Support: Disabled
 NUMA Support: Disabled
 Compressed Oops: Enabled (32-bit)
 Heap Region Size: 1M
 Heap Min Capacity: 8M
 Heap Initial Capacity: 254M
 Heap Max Capacity: 2G
 Pre-touch: Disabled
 Parallel Workers: 8
 Concurrent Workers: 2
 Concurrent Refinement Workers: 8
 Periodic GC: Disabled
Heap:
 garbage-first heap   total 212992K, used 114135K [0x0000000080000000, 0x0000000100000000)
  region size 1024K, 28 young (28672K), 5 survivors (5120K)
 Metaspace       used 79467K, committed 80384K, reserved 557056K
  class space    used 11117K, committed 11520K, reserved 425984K
GC Heap History (20 events):
Event: 12.423 GC heap before
{Heap before GC invocations=25 (full 0):
 garbage-first heap   total 102400K, used 77511K [0x0000000080000000, 0x0000000100000000)
  region size 1024K, 20 young (20480K), 1 survivors (1024K)
 Metaspace       used 64536K, committed 65152K, reserved 491520K
  class space    used 8962K, committed 9216K, reserved 425984K
}
Event: 12.425 GC heap after
{Heap after GC invocations=26 (full 0):
 garbage-first heap   total 102400K, used 59931K [0x0000000080000000, 0x0000000100000000)
  region size 1024K, 2 young (2048K), 2 survivors (2048K)
 Metaspace       used 64536K, committed 65152K, reserved 491520K
  class space    used 8962K, committed 9216K, reserved 425984K
}
Event: 12.484 GC heap before
{Heap before GC invocations=26 (full 0):
 garbage-first heap   total 102400K, used 63003K [0x0000000080000000, 0x0000000100000000)
  region size 1024K, 5 young (5120K), 2 survivors (2048K)
 Metaspace       used 64687K, committed 65344K, reserved 491520K
  class space    used 8982K, committed 9280K, reserved 425984K
}
Event: 12.486 GC heap after
{Heap after GC invocations=27 (full 0):
 garbage-first heap   total 102400K, used 59730K [0x0000000080000000, 0x0000000100000000)
  region size 1024K, 1 young (1024K), 1 survivors (1024K)
 Metaspace       used 64687K, committed 65344K, reserved 491520K
  class space    used 8982K, committed 9280K, reserved 425984K
}
Event: 12.775 GC heap before
{Heap before GC invocations=27 (full 0):
 garbage-first heap   total 102400K, used 82258K [0x0000000080000000, 0x0000000100000000)
  region size 1024K, 23 young (23552K), 1 survivors (1024K)
 Metaspace       used 66754K, committed 67392K, reserved 491520K
  class space    used 9308K, committed 9600K, reserved 425984K
}
Event: 12.777 GC heap after
{Heap after GC invocations=28 (full 0):
 garbage-first heap   total 102400K, used 60349K [0x0000000080000000, 0x0000000100000000)
  region size 1024K, 1 young (1024K), 1 survivors (1024K)
 Metaspace       used 66754K, committed 67392K, reserved 491520K
  class space    used 9308K, committed 9600K, reserved 425984K
}
Event: 13.142 GC heap before
{Heap before GC invocations=29 (full 0):
 garbage-first heap   total 106496K, used 85949K [0x0000000080000000, 0x0000000100000000)
  region size 1024K, 23 young (23552K), 1 survivors (1024K)
 Metaspace       used 68218K, committed 68992K, reserved 491520K
  class space    used 9562K, committed 9920K, reserved 425984K
}
Event: 13.144 GC heap after
{Heap after GC invocations=30 (full 0):
 garbage-first heap   total 106496K, used 64375K [0x0000000080000000, 0x0000000100000000)
  region size 1024K, 2 young (2048K), 2 survivors (2048K)
 Metaspace       used 68218K, committed 68992K, reserved 491520K
  class space    used 9562K, committed 9920K, reserved 425984K
}
Event: 13.183 GC heap before
{Heap before GC invocations=30 (full 0):
 garbage-first heap   total 106496K, used 67447K [0x0000000080000000, 0x0000000100000000)
  region size 1024K, 5 young (5120K), 2 survivors (2048K)
 Metaspace       used 68397K, committed 69120K, reserved 491520K
  class space    used 9581K, committed 9920K, reserved 425984K
}
Event: 13.186 GC heap after
{Heap after GC invocations=31 (full 0):
 garbage-first heap   total 106496K, used 64246K [0x0000000080000000, 0x0000000100000000)
  region size 1024K, 1 young (1024K), 1 survivors (1024K)
 Metaspace       used 68397K, committed 69120K, reserved 491520K
  class space    used 9581K, committed 9920K, reserved 425984K
}
Event: 13.411 GC heap before
{Heap before GC invocations=31 (full 0):
 garbage-first heap   total 106496K, used 86774K [0x0000000080000000, 0x0000000100000000)
  region size 1024K, 23 young (23552K), 1 survivors (1024K)
 Metaspace       used 69530K, committed 70272K, reserved 491520K
  class space    used 9766K, committed 10112K, reserved 425984K
}
Event: 13.413 GC heap after
{Heap after GC invocations=32 (full 0):
 garbage-first heap   total 212992K, used 64896K [0x0000000080000000, 0x0000000100000000)
  region size 1024K, 1 young (1024K), 1 survivors (1024K)
 Metaspace       used 69530K, committed 70272K, reserved 491520K
  class space    used 9766K, committed 10112K, reserved 425984K
}
Event: 14.744 GC heap before
{Heap before GC invocations=32 (full 0):
 garbage-first heap   total 212992K, used 157056K [0x0000000080000000, 0x0000000100000000)
  region size 1024K, 91 young (93184K), 1 survivors (1024K)
 Metaspace       used 74073K, committed 74816K, reserved 491520K
  class space    used 10377K, committed 10752K, reserved 425984K
}
Event: 14.752 GC heap after
{Heap after GC invocations=33 (full 0):
 garbage-first heap   total 212992K, used 72414K [0x0000000080000000, 0x0000000100000000)
  region size 1024K, 9 young (9216K), 9 survivors (9216K)
 Metaspace       used 74073K, committed 74816K, reserved 491520K
  class space    used 10377K, committed 10752K, reserved 425984K
}
Event: 24.539 GC heap before
{Heap before GC invocations=33 (full 0):
 garbage-first heap   total 212992K, used 159454K [0x0000000080000000, 0x0000000100000000)
  region size 1024K, 95 young (97280K), 9 survivors (9216K)
 Metaspace       used 78601K, committed 79488K, reserved 557056K
  class space    used 11078K, committed 11456K, reserved 425984K
}
Event: 24.551 GC heap after
{Heap after GC invocations=34 (full 0):
 garbage-first heap   total 212992K, used 78998K [0x0000000080000000, 0x0000000100000000)
  region size 1024K, 9 young (9216K), 9 survivors (9216K)
 Metaspace       used 78601K, committed 79488K, reserved 557056K
  class space    used 11078K, committed 11456K, reserved 425984K
}
Event: 25.234 GC heap before
{Heap before GC invocations=34 (full 0):
 garbage-first heap   total 212992K, used 161942K [0x0000000080000000, 0x0000000100000000)
  region size 1024K, 91 young (93184K), 9 survivors (9216K)
 Metaspace       used 79364K, committed 80256K, reserved 557056K
  class space    used 11105K, committed 11520K, reserved 425984K
}
Event: 25.243 GC heap after
{Heap after GC invocations=35 (full 0):
 garbage-first heap   total 212992K, used 84082K [0x0000000080000000, 0x0000000100000000)
  region size 1024K, 7 young (7168K), 7 survivors (7168K)
 Metaspace       used 79364K, committed 80256K, reserved 557056K
  class space    used 11105K, committed 11520K, reserved 425984K
}
Event: 25.580 GC heap before
{Heap before GC invocations=35 (full 0):
 garbage-first heap   total 212992K, used 163954K [0x0000000080000000, 0x0000000100000000)
  region size 1024K, 86 young (88064K), 7 survivors (7168K)
 Metaspace       used 79384K, committed 80320K, reserved 557056K
  class space    used 11106K, committed 11520K, reserved 425984K
}
Event: 25.587 GC heap after
{Heap after GC invocations=36 (full 0):
 garbage-first heap   total 212992K, used 86487K [0x0000000080000000, 0x0000000100000000)
  region size 1024K, 5 young (5120K), 5 survivors (5120K)
 Metaspace       used 79384K, committed 80320K, reserved 557056K
  class space    used 11106K, committed 11520K, reserved 425984K
}

